[2013-06-24 20:21:47] myapp.INFO: > GET /api/gene/search/CFTR [] []
[2013-06-24 20:21:47] myapp.CRITICAL: InvalidArgumentException: Unable to find controller "api.gene.controller:searchAction". (uncaught exception) at /Users/guachiman/Sites/chrdb/vendor/symfony/http-kernel/Symfony/Component/HttpKernel/Controller/ControllerResolver.php line 153 {"exception":"[object] (InvalidArgumentException: Unable to find controller \"api.gene.controller:searchAction\". at /Users/guachiman/Sites/chrdb/vendor/symfony/http-kernel/Symfony/Component/HttpKernel/Controller/ControllerResolver.php:153)"} []
[2013-06-24 20:21:47] myapp.INFO: < 500 [] []
[2013-06-24 20:28:13] myapp.INFO: > GET /api/gene/search/CFTR [] []
[2013-06-24 20:28:13] myapp.CRITICAL: InvalidArgumentException: Unable to find controller "api.gene.controller:searchAction". (uncaught exception) at /Users/guachiman/Sites/chrdb/vendor/symfony/http-kernel/Symfony/Component/HttpKernel/Controller/ControllerResolver.php line 153 {"exception":"[object] (InvalidArgumentException: Unable to find controller \"api.gene.controller:searchAction\". at /Users/guachiman/Sites/chrdb/vendor/symfony/http-kernel/Symfony/Component/HttpKernel/Controller/ControllerResolver.php:153)"} []
[2013-06-24 20:28:13] myapp.INFO: < 500 [] []
[2013-06-24 20:28:20] myapp.INFO: > GET /api/gene/search/CFTR [] []
[2013-06-24 20:28:20] myapp.CRITICAL: InvalidArgumentException: Unable to find controller "api.gene.controller:searchAction". (uncaught exception) at /Users/guachiman/Sites/chrdb/vendor/symfony/http-kernel/Symfony/Component/HttpKernel/Controller/ControllerResolver.php line 153 {"exception":"[object] (InvalidArgumentException: Unable to find controller \"api.gene.controller:searchAction\". at /Users/guachiman/Sites/chrdb/vendor/symfony/http-kernel/Symfony/Component/HttpKernel/Controller/ControllerResolver.php:153)"} []
[2013-06-24 20:28:20] myapp.INFO: < 500 [] []
[2013-06-24 20:35:16] myapp.INFO: > GET /api/gene/search/CFTR [] []
[2013-06-24 20:35:16] myapp.CRITICAL: InvalidArgumentException: Unable to find controller "api.gene.controller:searchAction". (uncaught exception) at /Users/guachiman/Sites/chrdb/vendor/symfony/http-kernel/Symfony/Component/HttpKernel/Controller/ControllerResolver.php line 153 {"exception":"[object] (InvalidArgumentException: Unable to find controller \"api.gene.controller:searchAction\". at /Users/guachiman/Sites/chrdb/vendor/symfony/http-kernel/Symfony/Component/HttpKernel/Controller/ControllerResolver.php:153)"} []
[2013-06-24 20:35:16] myapp.INFO: < 500 [] []
[2013-06-24 20:37:38] myapp.INFO: > GET /api/gene/search/CFTR [] []
[2013-06-24 20:37:38] myapp.CRITICAL: InvalidArgumentException: Unable to find controller "gene.controller:searchAction". (uncaught exception) at /Users/guachiman/Sites/chrdb/vendor/symfony/http-kernel/Symfony/Component/HttpKernel/Controller/ControllerResolver.php line 153 {"exception":"[object] (InvalidArgumentException: Unable to find controller \"gene.controller:searchAction\". at /Users/guachiman/Sites/chrdb/vendor/symfony/http-kernel/Symfony/Component/HttpKernel/Controller/ControllerResolver.php:153)"} []
[2013-06-24 20:37:38] myapp.INFO: < 500 [] []
[2013-06-24 20:42:22] myapp.INFO: > GET /api/gene/search/CFTR [] []
[2013-06-24 20:42:22] myapp.CRITICAL: InvalidArgumentException: Unable to find controller "gene.controller:searchAction". (uncaught exception) at /Users/guachiman/Sites/chrdb/vendor/symfony/http-kernel/Symfony/Component/HttpKernel/Controller/ControllerResolver.php line 153 {"exception":"[object] (InvalidArgumentException: Unable to find controller \"gene.controller:searchAction\". at /Users/guachiman/Sites/chrdb/vendor/symfony/http-kernel/Symfony/Component/HttpKernel/Controller/ControllerResolver.php:153)"} []
[2013-06-24 20:42:22] myapp.INFO: < 500 [] []
[2013-06-24 20:42:24] myapp.INFO: > GET /api/gene/search/CFTR [] []
[2013-06-24 20:42:24] myapp.CRITICAL: InvalidArgumentException: Unable to find controller "gene.controller:searchAction". (uncaught exception) at /Users/guachiman/Sites/chrdb/vendor/symfony/http-kernel/Symfony/Component/HttpKernel/Controller/ControllerResolver.php line 153 {"exception":"[object] (InvalidArgumentException: Unable to find controller \"gene.controller:searchAction\". at /Users/guachiman/Sites/chrdb/vendor/symfony/http-kernel/Symfony/Component/HttpKernel/Controller/ControllerResolver.php:153)"} []
[2013-06-24 20:42:24] myapp.INFO: < 500 [] []
[2013-06-24 20:42:27] myapp.INFO: > GET /api/gene/search/CFTR [] []
[2013-06-24 20:42:27] myapp.CRITICAL: InvalidArgumentException: Unable to find controller "gene.controller:searchAction". (uncaught exception) at /Users/guachiman/Sites/chrdb/vendor/symfony/http-kernel/Symfony/Component/HttpKernel/Controller/ControllerResolver.php line 153 {"exception":"[object] (InvalidArgumentException: Unable to find controller \"gene.controller:searchAction\". at /Users/guachiman/Sites/chrdb/vendor/symfony/http-kernel/Symfony/Component/HttpKernel/Controller/ControllerResolver.php:153)"} []
[2013-06-24 20:42:27] myapp.INFO: < 500 [] []
[2013-06-24 20:44:22] myapp.INFO: > GET /api/gene/search/CFTR [] []
[2013-06-24 20:44:22] myapp.INFO: < 200 [] []
[2013-06-24 20:44:45] myapp.INFO: > GET /api/gene/fetch/1080 [] []
[2013-06-24 20:44:45] myapp.INFO: < 200 [] []
[2013-06-25 06:44:13] myapp.INFO: > GET /api/gene/search/CFTR [] []
[2013-06-25 06:44:13] myapp.INFO: < 200 [] []
[2013-06-25 07:04:54] myapp.CRITICAL: Symfony\Component\Security\Core\Exception\AuthenticationCredentialsNotFoundException: A Token was not found in the SecurityContext. (uncaught exception) at /Users/guachiman/Sites/chrdb/vendor/symfony/security/Symfony/Component/Security/Http/Firewall/AccessListener.php line 56 {"exception":"[object] (Symfony\\Component\\Security\\Core\\Exception\\AuthenticationCredentialsNotFoundException: A Token was not found in the SecurityContext. at /Users/guachiman/Sites/chrdb/vendor/symfony/security/Symfony/Component/Security/Http/Firewall/AccessListener.php:56)"} []
[2013-06-25 07:04:54] myapp.INFO: < 302 [] []
[2013-06-25 07:08:50] myapp.ERROR: Symfony\Component\HttpKernel\Exception\NotFoundHttpException: No route found for "GET /api/gene/CFTR" (uncaught exception) at /Users/guachiman/Sites/chrdb/vendor/symfony/http-kernel/Symfony/Component/HttpKernel/EventListener/RouterListener.php line 116 {"exception":"[object] (Symfony\\Component\\HttpKernel\\Exception\\NotFoundHttpException: No route found for \"GET /api/gene/CFTR\" at /Users/guachiman/Sites/chrdb/vendor/symfony/http-kernel/Symfony/Component/HttpKernel/EventListener/RouterListener.php:116, Symfony\\Component\\Routing\\Exception\\ResourceNotFoundException:  at /Users/guachiman/Sites/chrdb/vendor/symfony/routing/Symfony/Component/Routing/Matcher/UrlMatcher.php:91)"} []
[2013-06-25 07:08:50] myapp.INFO: < 404 [] []
[2013-06-25 07:09:02] myapp.CRITICAL: Symfony\Component\Security\Core\Exception\AuthenticationCredentialsNotFoundException: A Token was not found in the SecurityContext. (uncaught exception) at /Users/guachiman/Sites/chrdb/vendor/symfony/security/Symfony/Component/Security/Http/Firewall/AccessListener.php line 56 {"exception":"[object] (Symfony\\Component\\Security\\Core\\Exception\\AuthenticationCredentialsNotFoundException: A Token was not found in the SecurityContext. at /Users/guachiman/Sites/chrdb/vendor/symfony/security/Symfony/Component/Security/Http/Firewall/AccessListener.php:56)"} []
[2013-06-25 07:09:02] myapp.INFO: < 302 [] []
[2013-06-25 19:52:12] myapp.INFO: > POST /api/login [] []
[2013-06-25 19:52:12] myapp.CRITICAL: LogicException: The controller must return a response (null given). Did you forget to add a return statement somewhere in your controller? (uncaught exception) at /Users/guachiman/Sites/chrdb/vendor/symfony/http-kernel/Symfony/Component/HttpKernel/HttpKernel.php line 135 {"exception":"[object] (LogicException: The controller must return a response (null given). Did you forget to add a return statement somewhere in your controller? at /Users/guachiman/Sites/chrdb/vendor/symfony/http-kernel/Symfony/Component/HttpKernel/HttpKernel.php:135)"} []
[2013-06-25 19:52:12] myapp.INFO: < 500 [] []
[2013-06-25 19:55:55] myapp.INFO: > POST /api/login [] []
[2013-06-25 19:55:55] myapp.CRITICAL: LogicException: The controller must return a response (null given). Did you forget to add a return statement somewhere in your controller? (uncaught exception) at /Users/guachiman/Sites/chrdb/vendor/symfony/http-kernel/Symfony/Component/HttpKernel/HttpKernel.php line 135 {"exception":"[object] (LogicException: The controller must return a response (null given). Did you forget to add a return statement somewhere in your controller? at /Users/guachiman/Sites/chrdb/vendor/symfony/http-kernel/Symfony/Component/HttpKernel/HttpKernel.php:135)"} []
[2013-06-25 19:55:55] myapp.INFO: < 500 [] []
[2013-06-25 19:59:33] myapp.INFO: > POST /api/login [] []
[2013-06-25 19:59:33] myapp.CRITICAL: LogicException: The controller must return a response (null given). Did you forget to add a return statement somewhere in your controller? (uncaught exception) at /Users/guachiman/Sites/chrdb/vendor/symfony/http-kernel/Symfony/Component/HttpKernel/HttpKernel.php line 135 {"exception":"[object] (LogicException: The controller must return a response (null given). Did you forget to add a return statement somewhere in your controller? at /Users/guachiman/Sites/chrdb/vendor/symfony/http-kernel/Symfony/Component/HttpKernel/HttpKernel.php:135)"} []
[2013-06-25 19:59:33] myapp.INFO: < 500 [] []
[2013-06-25 20:00:43] myapp.INFO: > POST /api/login [] []
[2013-06-25 20:00:43] myapp.CRITICAL: LogicException: The controller must return a response (null given). Did you forget to add a return statement somewhere in your controller? (uncaught exception) at /Users/guachiman/Sites/chrdb/vendor/symfony/http-kernel/Symfony/Component/HttpKernel/HttpKernel.php line 135 {"exception":"[object] (LogicException: The controller must return a response (null given). Did you forget to add a return statement somewhere in your controller? at /Users/guachiman/Sites/chrdb/vendor/symfony/http-kernel/Symfony/Component/HttpKernel/HttpKernel.php:135)"} []
[2013-06-25 20:00:43] myapp.INFO: < 500 [] []
[2013-06-25 20:01:24] myapp.ERROR: Symfony\Component\HttpKernel\Exception\NotFoundHttpException: No route found for "GET /api/gene" (uncaught exception) at /Users/guachiman/Sites/chrdb/vendor/symfony/http-kernel/Symfony/Component/HttpKernel/EventListener/RouterListener.php line 116 {"exception":"[object] (Symfony\\Component\\HttpKernel\\Exception\\NotFoundHttpException: No route found for \"GET /api/gene\" at /Users/guachiman/Sites/chrdb/vendor/symfony/http-kernel/Symfony/Component/HttpKernel/EventListener/RouterListener.php:116, Symfony\\Component\\Routing\\Exception\\ResourceNotFoundException:  at /Users/guachiman/Sites/chrdb/vendor/symfony/routing/Symfony/Component/Routing/Matcher/UrlMatcher.php:91)"} []
[2013-06-25 20:01:24] myapp.INFO: < 404 [] []
[2013-06-25 20:01:32] myapp.CRITICAL: Symfony\Component\Security\Core\Exception\AuthenticationCredentialsNotFoundException: A Token was not found in the SecurityContext. (uncaught exception) at /Users/guachiman/Sites/chrdb/vendor/symfony/security/Symfony/Component/Security/Http/Firewall/AccessListener.php line 56 {"exception":"[object] (Symfony\\Component\\Security\\Core\\Exception\\AuthenticationCredentialsNotFoundException: A Token was not found in the SecurityContext. at /Users/guachiman/Sites/chrdb/vendor/symfony/security/Symfony/Component/Security/Http/Firewall/AccessListener.php:56)"} []
[2013-06-25 20:01:32] myapp.INFO: < 302 [] []
[2013-06-25 20:02:42] myapp.INFO: > POST /api/login [] []
[2013-06-25 20:02:42] myapp.CRITICAL: LogicException: The controller must return a response (null given). Did you forget to add a return statement somewhere in your controller? (uncaught exception) at /Users/guachiman/Sites/chrdb/vendor/symfony/http-kernel/Symfony/Component/HttpKernel/HttpKernel.php line 135 {"exception":"[object] (LogicException: The controller must return a response (null given). Did you forget to add a return statement somewhere in your controller? at /Users/guachiman/Sites/chrdb/vendor/symfony/http-kernel/Symfony/Component/HttpKernel/HttpKernel.php:135)"} []
[2013-06-25 20:02:42] myapp.INFO: < 500 [] []
[2013-06-25 20:04:24] myapp.INFO: > POST /api/login [] []
[2013-06-25 20:04:24] myapp.CRITICAL: LogicException: The controller must return a response (null given). Did you forget to add a return statement somewhere in your controller? (uncaught exception) at /Users/guachiman/Sites/chrdb/vendor/symfony/http-kernel/Symfony/Component/HttpKernel/HttpKernel.php line 135 {"exception":"[object] (LogicException: The controller must return a response (null given). Did you forget to add a return statement somewhere in your controller? at /Users/guachiman/Sites/chrdb/vendor/symfony/http-kernel/Symfony/Component/HttpKernel/HttpKernel.php:135)"} []
[2013-06-25 20:04:24] myapp.INFO: < 500 [] []
[2013-06-26 06:56:02] myapp.INFO: > POST /api/login [] []
[2013-06-26 06:56:02] myapp.CRITICAL: LogicException: The controller must return a response (null given). Did you forget to add a return statement somewhere in your controller? (uncaught exception) at /Users/guachiman/Sites/chrdb/vendor/symfony/http-kernel/Symfony/Component/HttpKernel/HttpKernel.php line 135 {"exception":"[object] (LogicException: The controller must return a response (null given). Did you forget to add a return statement somewhere in your controller? at /Users/guachiman/Sites/chrdb/vendor/symfony/http-kernel/Symfony/Component/HttpKernel/HttpKernel.php:135)"} []
[2013-06-26 06:56:02] myapp.INFO: < 500 [] []
[2013-06-26 07:04:56] myapp.INFO: > POST /api/login [] []
[2013-06-26 07:04:56] myapp.CRITICAL: LogicException: The controller must return a response (null given). Did you forget to add a return statement somewhere in your controller? (uncaught exception) at /Users/guachiman/Sites/chrdb/vendor/symfony/http-kernel/Symfony/Component/HttpKernel/HttpKernel.php line 135 {"exception":"[object] (LogicException: The controller must return a response (null given). Did you forget to add a return statement somewhere in your controller? at /Users/guachiman/Sites/chrdb/vendor/symfony/http-kernel/Symfony/Component/HttpKernel/HttpKernel.php:135)"} []
[2013-06-26 07:04:56] myapp.INFO: < 500 [] []
[2013-06-26 07:19:35] myapp.INFO: > POST /api/login [] []
[2013-06-26 07:19:35] myapp.CRITICAL: LogicException: The controller must return a response (null given). Did you forget to add a return statement somewhere in your controller? (uncaught exception) at /Users/guachiman/Sites/chrdb/vendor/symfony/http-kernel/Symfony/Component/HttpKernel/HttpKernel.php line 135 {"exception":"[object] (LogicException: The controller must return a response (null given). Did you forget to add a return statement somewhere in your controller? at /Users/guachiman/Sites/chrdb/vendor/symfony/http-kernel/Symfony/Component/HttpKernel/HttpKernel.php:135)"} []
[2013-06-26 07:19:35] myapp.INFO: < 500 [] []
[2013-06-26 07:20:33] myapp.CRITICAL: RuntimeException: This authentication method requires a session. (uncaught exception) at /Users/guachiman/Sites/chrdb/vendor/symfony/security/Symfony/Component/Security/Http/Firewall/AbstractAuthenticationListener.php line 136 {"exception":"[object] (RuntimeException: This authentication method requires a session. at /Users/guachiman/Sites/chrdb/vendor/symfony/security/Symfony/Component/Security/Http/Firewall/AbstractAuthenticationListener.php:136)"} []
[2013-06-26 07:20:33] myapp.INFO: < 500 [] []
[2013-06-26 07:33:28] myapp.ERROR: Symfony\Component\HttpKernel\Exception\NotFoundHttpException: No route found for "POST /api/login/check" (uncaught exception) at /Users/guachiman/Sites/chrdb/vendor/symfony/http-kernel/Symfony/Component/HttpKernel/EventListener/RouterListener.php line 116 {"exception":"[object] (Symfony\\Component\\HttpKernel\\Exception\\NotFoundHttpException: No route found for \"POST /api/login/check\" at /Users/guachiman/Sites/chrdb/vendor/symfony/http-kernel/Symfony/Component/HttpKernel/EventListener/RouterListener.php:116, Symfony\\Component\\Routing\\Exception\\ResourceNotFoundException:  at /Users/guachiman/Sites/chrdb/vendor/symfony/routing/Symfony/Component/Routing/Matcher/UrlMatcher.php:91)"} []
[2013-06-26 07:33:28] myapp.INFO: < 404 [] []
[2013-06-26 08:54:01] myapp.ERROR: Symfony\Component\HttpKernel\Exception\NotFoundHttpException: No route found for "POST /api/login/check" (uncaught exception) at /Users/guachiman/Sites/chrdb/vendor/symfony/http-kernel/Symfony/Component/HttpKernel/EventListener/RouterListener.php line 116 {"exception":"[object] (Symfony\\Component\\HttpKernel\\Exception\\NotFoundHttpException: No route found for \"POST /api/login/check\" at /Users/guachiman/Sites/chrdb/vendor/symfony/http-kernel/Symfony/Component/HttpKernel/EventListener/RouterListener.php:116, Symfony\\Component\\Routing\\Exception\\ResourceNotFoundException:  at /Users/guachiman/Sites/chrdb/vendor/symfony/routing/Symfony/Component/Routing/Matcher/UrlMatcher.php:91)"} []
[2013-06-26 08:54:01] myapp.INFO: < 404 [] []
[2013-06-26 09:35:48] myapp.INFO: > POST /api/login [] []
[2013-06-26 09:35:48] myapp.CRITICAL: LogicException: The controller must return a response (null given). Did you forget to add a return statement somewhere in your controller? (uncaught exception) at /Users/guachiman/Sites/chrdb/vendor/symfony/http-kernel/Symfony/Component/HttpKernel/HttpKernel.php line 135 {"exception":"[object] (LogicException: The controller must return a response (null given). Did you forget to add a return statement somewhere in your controller? at /Users/guachiman/Sites/chrdb/vendor/symfony/http-kernel/Symfony/Component/HttpKernel/HttpKernel.php:135)"} []
[2013-06-26 09:35:48] myapp.INFO: < 500 [] []
[2013-06-26 09:48:20] myapp.INFO: > POST /api/login [] []
[2013-06-26 09:48:20] myapp.CRITICAL: LogicException: The controller must return a response (null given). Did you forget to add a return statement somewhere in your controller? (uncaught exception) at /Users/guachiman/Sites/chrdb/vendor/symfony/http-kernel/Symfony/Component/HttpKernel/HttpKernel.php line 135 {"exception":"[object] (LogicException: The controller must return a response (null given). Did you forget to add a return statement somewhere in your controller? at /Users/guachiman/Sites/chrdb/vendor/symfony/http-kernel/Symfony/Component/HttpKernel/HttpKernel.php:135)"} []
[2013-06-26 09:48:20] myapp.INFO: < 500 [] []
[2013-06-26 10:17:46] myapp.ERROR: Symfony\Component\HttpKernel\Exception\NotFoundHttpException: No route found for "POST /api/login" (uncaught exception) at /Users/guachiman/Sites/chrdb/vendor/symfony/http-kernel/Symfony/Component/HttpKernel/EventListener/RouterListener.php line 116 {"exception":"[object] (Symfony\\Component\\HttpKernel\\Exception\\NotFoundHttpException: No route found for \"POST /api/login\" at /Users/guachiman/Sites/chrdb/vendor/symfony/http-kernel/Symfony/Component/HttpKernel/EventListener/RouterListener.php:116, Symfony\\Component\\Routing\\Exception\\ResourceNotFoundException:  at /Users/guachiman/Sites/chrdb/vendor/symfony/routing/Symfony/Component/Routing/Matcher/UrlMatcher.php:91)"} []
[2013-06-26 10:17:46] myapp.INFO: < 404 [] []
[2013-06-26 10:21:09] myapp.ERROR: Symfony\Component\HttpKernel\Exception\NotFoundHttpException: No route found for "POST /api/login" (uncaught exception) at /Users/guachiman/Sites/chrdb/vendor/symfony/http-kernel/Symfony/Component/HttpKernel/EventListener/RouterListener.php line 116 {"exception":"[object] (Symfony\\Component\\HttpKernel\\Exception\\NotFoundHttpException: No route found for \"POST /api/login\" at /Users/guachiman/Sites/chrdb/vendor/symfony/http-kernel/Symfony/Component/HttpKernel/EventListener/RouterListener.php:116, Symfony\\Component\\Routing\\Exception\\ResourceNotFoundException:  at /Users/guachiman/Sites/chrdb/vendor/symfony/routing/Symfony/Component/Routing/Matcher/UrlMatcher.php:91)"} []
[2013-06-26 10:21:09] myapp.INFO: < 404 [] []
[2013-06-26 10:21:46] myapp.ERROR: Symfony\Component\HttpKernel\Exception\NotFoundHttpException: No route found for "POST /api/login" (uncaught exception) at /Users/guachiman/Sites/chrdb/vendor/symfony/http-kernel/Symfony/Component/HttpKernel/EventListener/RouterListener.php line 116 {"exception":"[object] (Symfony\\Component\\HttpKernel\\Exception\\NotFoundHttpException: No route found for \"POST /api/login\" at /Users/guachiman/Sites/chrdb/vendor/symfony/http-kernel/Symfony/Component/HttpKernel/EventListener/RouterListener.php:116, Symfony\\Component\\Routing\\Exception\\ResourceNotFoundException:  at /Users/guachiman/Sites/chrdb/vendor/symfony/routing/Symfony/Component/Routing/Matcher/UrlMatcher.php:91)"} []
[2013-06-26 10:21:46] myapp.INFO: < 404 [] []
[2013-06-26 10:27:02] myapp.CRITICAL: RuntimeException: This authentication method requires a session. (uncaught exception) at /Users/guachiman/Sites/chrdb/vendor/symfony/security/Symfony/Component/Security/Http/Firewall/AbstractAuthenticationListener.php line 136 {"exception":"[object] (RuntimeException: This authentication method requires a session. at /Users/guachiman/Sites/chrdb/vendor/symfony/security/Symfony/Component/Security/Http/Firewall/AbstractAuthenticationListener.php:136)"} []
[2013-06-26 10:27:02] myapp.INFO: < 500 [] []
[2013-06-26 10:28:44] myapp.INFO: < 500 [] []
[2013-06-26 10:29:30] myapp.INFO: < 500 [] []
[2013-06-26 10:30:41] myapp.INFO: > GET /api/gene/fetch/1080 [] []
[2013-06-26 10:30:41] myapp.INFO: < 200 [] []
[2013-06-26 10:31:26] myapp.ERROR: Symfony\Component\HttpKernel\Exception\NotFoundHttpException: No route found for "POST /api/account/create" (uncaught exception) at /Users/guachiman/Sites/chrdb/vendor/symfony/http-kernel/Symfony/Component/HttpKernel/EventListener/RouterListener.php line 116 {"exception":"[object] (Symfony\\Component\\HttpKernel\\Exception\\NotFoundHttpException: No route found for \"POST /api/account/create\" at /Users/guachiman/Sites/chrdb/vendor/symfony/http-kernel/Symfony/Component/HttpKernel/EventListener/RouterListener.php:116, Symfony\\Component\\Routing\\Exception\\ResourceNotFoundException:  at /Users/guachiman/Sites/chrdb/vendor/symfony/routing/Symfony/Component/Routing/Matcher/UrlMatcher.php:91)"} []
[2013-06-26 10:31:26] myapp.INFO: < 404 [] []
[2013-06-26 10:33:19] myapp.INFO: > POST /api/user/create [] []
[2013-06-26 10:33:19] myapp.CRITICAL: InvalidArgumentException: Service "apiluser.controller" does not exist. (uncaught exception) at /Users/guachiman/Sites/chrdb/vendor/silex/silex/src/Silex/ServiceControllerResolver.php line 56 {"exception":"[object] (InvalidArgumentException: Service \"apiluser.controller\" does not exist. at /Users/guachiman/Sites/chrdb/vendor/silex/silex/src/Silex/ServiceControllerResolver.php:56)"} []
[2013-06-26 10:33:19] myapp.INFO: < 500 [] []
[2013-06-26 10:34:42] myapp.INFO: > POST /api/user/create [] []
[2013-06-26 10:34:42] myapp.CRITICAL: InvalidArgumentException: Service "apiluser.controller" does not exist. (uncaught exception) at /Users/guachiman/Sites/chrdb/vendor/silex/silex/src/Silex/ServiceControllerResolver.php line 56 {"exception":"[object] (InvalidArgumentException: Service \"apiluser.controller\" does not exist. at /Users/guachiman/Sites/chrdb/vendor/silex/silex/src/Silex/ServiceControllerResolver.php:56)"} []
[2013-06-26 10:34:42] myapp.INFO: < 500 [] []
[2013-06-26 10:35:17] myapp.INFO: > POST /api/user/create [] []
[2013-06-26 10:35:17] myapp.DEBUG: email: z@z.com [] []
[2013-06-26 10:35:17] myapp.INFO: < 200 [] []
[2013-06-26 10:37:27] myapp.INFO: < 500 [] []
[2013-06-26 10:38:33] myapp.INFO: < 500 [] []
[2013-06-26 10:39:33] myapp.INFO: < 500 [] []
[2013-06-26 10:40:49] myapp.INFO: < 500 [] []
[2013-06-26 10:42:54] myapp.INFO: < 500 [] []
[2013-06-26 10:43:15] myapp.INFO: < 500 [] []
[2013-06-26 10:46:36] myapp.INFO: < 500 [] []
[2013-06-26 10:47:33] myapp.INFO: < 500 [] []
[2013-06-26 12:24:21] myapp.INFO: < 500 [] []
[2013-06-26 12:24:31] myapp.INFO: < 500 [] []
[2013-06-26 12:29:23] myapp.INFO: > POST /api/user/create [] []
[2013-06-26 12:29:23] myapp.DEBUG: email: j@j.com [] []
[2013-06-26 12:29:23] myapp.INFO: < 200 [] []
[2013-06-26 12:35:38] myapp.INFO: < 500 [] []
[2013-06-26 12:42:53] myapp.INFO: > POST /api/login [] []
[2013-06-26 12:42:53] myapp.CRITICAL: LogicException: The controller must return a response (null given). Did you forget to add a return statement somewhere in your controller? (uncaught exception) at /Users/guachiman/Sites/chrdb/vendor/symfony/http-kernel/Symfony/Component/HttpKernel/HttpKernel.php line 135 {"exception":"[object] (LogicException: The controller must return a response (null given). Did you forget to add a return statement somewhere in your controller? at /Users/guachiman/Sites/chrdb/vendor/symfony/http-kernel/Symfony/Component/HttpKernel/HttpKernel.php:135)"} []
[2013-06-26 12:42:53] myapp.INFO: < 500 [] []
[2013-06-26 12:47:41] myapp.ERROR: Symfony\Component\HttpKernel\Exception\NotFoundHttpException: No route found for "POST /api/login" (uncaught exception) at /Users/guachiman/Sites/chrdb/vendor/symfony/http-kernel/Symfony/Component/HttpKernel/EventListener/RouterListener.php line 116 {"exception":"[object] (Symfony\\Component\\HttpKernel\\Exception\\NotFoundHttpException: No route found for \"POST /api/login\" at /Users/guachiman/Sites/chrdb/vendor/symfony/http-kernel/Symfony/Component/HttpKernel/EventListener/RouterListener.php:116, Symfony\\Component\\Routing\\Exception\\ResourceNotFoundException:  at /Users/guachiman/Sites/chrdb/vendor/symfony/routing/Symfony/Component/Routing/Matcher/UrlMatcher.php:91)"} []
[2013-06-26 12:47:41] myapp.INFO: < 404 [] []
[2013-06-26 12:58:52] myapp.INFO: > POST /api/login [] []
[2013-06-26 12:58:52] myapp.CRITICAL: LogicException: The controller must return a response (null given). Did you forget to add a return statement somewhere in your controller? (uncaught exception) at /Users/guachiman/Sites/chrdb/vendor/symfony/http-kernel/Symfony/Component/HttpKernel/HttpKernel.php line 135 {"exception":"[object] (LogicException: The controller must return a response (null given). Did you forget to add a return statement somewhere in your controller? at /Users/guachiman/Sites/chrdb/vendor/symfony/http-kernel/Symfony/Component/HttpKernel/HttpKernel.php:135)"} []
[2013-06-26 12:58:52] myapp.INFO: < 500 [] []
[2013-06-26 13:10:07] myapp.ERROR: Symfony\Component\HttpKernel\Exception\NotFoundHttpException: No route found for "POST /api/login" (uncaught exception) at /Users/guachiman/Sites/chrdb/vendor/symfony/http-kernel/Symfony/Component/HttpKernel/EventListener/RouterListener.php line 116 {"exception":"[object] (Symfony\\Component\\HttpKernel\\Exception\\NotFoundHttpException: No route found for \"POST /api/login\" at /Users/guachiman/Sites/chrdb/vendor/symfony/http-kernel/Symfony/Component/HttpKernel/EventListener/RouterListener.php:116, Symfony\\Component\\Routing\\Exception\\ResourceNotFoundException:  at /Users/guachiman/Sites/chrdb/vendor/symfony/routing/Symfony/Component/Routing/Matcher/UrlMatcher.php:91)"} []
[2013-06-26 13:10:07] myapp.INFO: < 404 [] []
[2013-06-26 13:10:48] myapp.INFO: > POST /api/login [] []
[2013-06-26 13:10:48] myapp.CRITICAL: LogicException: The controller must return a response (null given). Did you forget to add a return statement somewhere in your controller? (uncaught exception) at /Users/guachiman/Sites/chrdb/vendor/symfony/http-kernel/Symfony/Component/HttpKernel/HttpKernel.php line 135 {"exception":"[object] (LogicException: The controller must return a response (null given). Did you forget to add a return statement somewhere in your controller? at /Users/guachiman/Sites/chrdb/vendor/symfony/http-kernel/Symfony/Component/HttpKernel/HttpKernel.php:135)"} []
[2013-06-26 13:10:48] myapp.INFO: < 500 [] []
